  main.c
E:\CODE\learn_c-cpp\17.practice_c_2025_10_20\17.practice_c_2025_10_20\main.c(22,2): warning C4013: “qsort”未定义；假设外部返回 int
E:\CODE\learn_c-cpp\17.practice_c_2025_10_20\17.practice_c_2025_10_20\main.c(23,17): warning C4267: “函数”: 从“size_t”转换到“int”，可能丢失数据
E:\CODE\learn_c-cpp\17.practice_c_2025_10_20\17.practice_c_2025_10_20\main.c(35,16): warning C4305: “初始化”: 从“double”到“float”截断
E:\CODE\learn_c-cpp\17.practice_c_2025_10_20\17.practice_c_2025_10_20\main.c(41,40): warning C4098: “st_age_cmp”:“void”函数返回值
E:\CODE\learn_c-cpp\17.practice_c_2025_10_20\17.practice_c_2025_10_20\main.c(44,16): warning C4305: “初始化”: 从“double”到“float”截断
E:\CODE\learn_c-cpp\17.practice_c_2025_10_20\17.practice_c_2025_10_20\main.c(49,26): warning C4244: “return”: 从“float”转换到“int”，可能丢失数据
E:\CODE\learn_c-cpp\17.practice_c_2025_10_20\17.practice_c_2025_10_20\main.c(52,16): warning C4305: “初始化”: 从“double”到“float”截断
E:\CODE\learn_c-cpp\17.practice_c_2025_10_20\17.practice_c_2025_10_20\main.c(105,17): warning C4267: “函数”: 从“size_t”转换到“int”，可能丢失数据
E:\CODE\learn_c-cpp\17.practice_c_2025_10_20\17.practice_c_2025_10_20\main.c(164,9): warning C4477: “printf”: 格式字符串“%d”需要类型“int”的参数，但可变参数 1 拥有了类型“size_t”
  E:\CODE\learn_c-cpp\17.practice_c_2025_10_20\17.practice_c_2025_10_20\main.c(164,9):
  请考虑在格式字符串中使用“%zd”
  
E:\CODE\learn_c-cpp\17.practice_c_2025_10_20\17.practice_c_2025_10_20\main.c(165,9): warning C4477: “printf”: 格式字符串“%d”需要类型“int”的参数，但可变参数 1 拥有了类型“size_t”
  E:\CODE\learn_c-cpp\17.practice_c_2025_10_20\17.practice_c_2025_10_20\main.c(165,9):
  请考虑在格式字符串中使用“%zd”
  
E:\CODE\learn_c-cpp\17.practice_c_2025_10_20\17.practice_c_2025_10_20\main.c(166,9): warning C4477: “printf”: 格式字符串“%d”需要类型“int”的参数，但可变参数 1 拥有了类型“size_t”
  E:\CODE\learn_c-cpp\17.practice_c_2025_10_20\17.practice_c_2025_10_20\main.c(166,9):
  请考虑在格式字符串中使用“%zd”
  
E:\CODE\learn_c-cpp\17.practice_c_2025_10_20\17.practice_c_2025_10_20\main.c(167,9): warning C4477: “printf”: 格式字符串“%d”需要类型“int”的参数，但可变参数 1 拥有了类型“size_t”
  E:\CODE\learn_c-cpp\17.practice_c_2025_10_20\17.practice_c_2025_10_20\main.c(167,9):
  请考虑在格式字符串中使用“%zd”
  
E:\CODE\learn_c-cpp\17.practice_c_2025_10_20\17.practice_c_2025_10_20\main.c(168,9): warning C4477: “printf”: 格式字符串“%d”需要类型“int”的参数，但可变参数 1 拥有了类型“size_t”
  E:\CODE\learn_c-cpp\17.practice_c_2025_10_20\17.practice_c_2025_10_20\main.c(168,9):
  请考虑在格式字符串中使用“%zd”
  
E:\CODE\learn_c-cpp\17.practice_c_2025_10_20\17.practice_c_2025_10_20\main.c(169,9): warning C4477: “printf”: 格式字符串“%d”需要类型“int”的参数，但可变参数 1 拥有了类型“size_t”
  E:\CODE\learn_c-cpp\17.practice_c_2025_10_20\17.practice_c_2025_10_20\main.c(169,9):
  请考虑在格式字符串中使用“%zd”
  
E:\CODE\learn_c-cpp\17.practice_c_2025_10_20\17.practice_c_2025_10_20\main.c(170,9): warning C4477: “printf”: 格式字符串“%d”需要类型“int”的参数，但可变参数 1 拥有了类型“size_t”
  E:\CODE\learn_c-cpp\17.practice_c_2025_10_20\17.practice_c_2025_10_20\main.c(170,9):
  请考虑在格式字符串中使用“%zd”
  
E:\CODE\learn_c-cpp\17.practice_c_2025_10_20\17.practice_c_2025_10_20\main.c(178,25): warning C4047: “函数”:“const char *”与“char (*)[6]”的间接级别不同
E:\CODE\learn_c-cpp\17.practice_c_2025_10_20\17.practice_c_2025_10_20\main.c(178,25): warning C4024: “strlen”: 形参和实参 1 的类型不同
E:\CODE\learn_c-cpp\17.practice_c_2025_10_20\17.practice_c_2025_10_20\main.c(179,29): warning C4047: “函数”:“const char *”与“char (*)[6]”的间接级别不同
E:\CODE\learn_c-cpp\17.practice_c_2025_10_20\17.practice_c_2025_10_20\main.c(179,29): warning C4024: “strlen”: 形参和实参 1 的类型不同
  17.practice_c_2025_10_20.vcxproj -> E:\CODE\learn_c-cpp\17.practice_c_2025_10_20\x64\Debug\17.practice_c_2025_10_20.exe
